Using PLAYWRIGHT_PATCH_TIMEOUT, current value=9000
============================= test session starts ==============================
platform linux -- Python 3.10.17, pytest-8.4.1, pluggy-1.6.0
rootdir: /home/simone/Documents/python/wwwpy
configfile: pytest.ini
plugins: base-url-2.1.0, asyncio-1.0.0, playwright-0.7.0, xvirt-0.3.1, repeat-0.9.4, wwwpy-0.1.85
asyncio: mode=auto, asyncio_default_fixture_loop_scope=function, asyncio_default_test_loop_scope=function

----------------------------- live log collection ------------------------------
12:40:34.415 D tests.timeouts:timeouts.py:17 timeout_multiplier=1
collected 1 item

dev_mode_test.py::test_dev_mode_with_empty_project__should_show_quickstart_dialog[chromium-WsTornado] 
-------------------------------- live log setup --------------------------------
12:40:34.439 D asyncio:selector_events.py:54 Using selector: EpollSelector
-------------------------------- live log call ---------------------------------
12:40:34.689 I tests.server.dev_mode_test:dev_mode_test.py:20 test_dev_mode_with_empty_project__should_show_quickstart_dialog -- marker to separate logs
12:40:34.689 D wwwpy.rpc:rpc.py:147 generate_remote_stubs in /tmp/tmptnfsqja7
12:40:34.691 D wwwpy.rpc:rpc.py:166 Module `wwwpy.server.designer.rpc` len(stub_source)=1721
12:40:34.697 D wwwpy.server.filesystem_sync.any_observer:any_observer.py:42 Creating observer for /tmp/pytest-of-simone/pytest-134/test_dev_mode_with_empty_proje0
12:40:34.699 D asyncio:selector_events.py:54 Using selector: EpollSelector
12:40:38.783 D asyncio:selector_events.py:54 Using selector: EpollSelector
12:40:38.784 D asyncio:selector_events.py:54 Using selector: EpollSelector
12:40:39.090 D tests.server.dev_mode_test:dev_mode_test.py:41 accepting quickstart
12:40:39.094 D tests.server.dev_mode_test:dev_mode_test.py:48 checking quickstart applied
12:40:39.095 D asyncio:selector_events.py:54 Using selector: EpollSelector
12:40:39.098 D tests.server.dev_mode_test:dev_mode_test.py:58 Going to verify if component-1 is attached with a specific 42000ms timeout
2025-07-14 12:40:39,098 ğŸ› D tests.server.dev_mode_test:58 - Going to verify if component-1 is attached with a specific 42000ms timeout
12:40:39.103 D watchdog.observers.inotify_buffer:inotify_buffer.py:52 in-event <InotifyEvent: src_path=b'/tmp/pytest-of-simone/pytest-134/test_dev_mode_with_empty_proje0/remote/__init__.py', wd=2, mask=IN_CREATE, cookie=0, name='__init__.py'>
12:40:39.103 D watchdog.observers.inotify_buffer:inotify_buffer.py:52 in-event <InotifyEvent: src_path=b'/tmp/pytest-of-simone/pytest-134/test_dev_mode_with_empty_proje0/remote/component1.py', wd=2, mask=IN_CREATE, cookie=0, name='component1.py'>
12:40:39.103 W wwwpy.common.quickstart:__init__.py:23 Quickstart applied basic to /tmp/pytest-of-simone/pytest-134/test_dev_mode_with_empty_proje0
12:40:39.104 I wwwpy.server.designer.rpc:rpc.py:75 Quickstart applied basic to /tmp/pytest-of-simone/pytest-134/test_dev_mode_with_empty_proje0
12:40:39.105 D watchdog.observers.inotify_buffer:inotify_buffer.py:52 in-event <InotifyEvent: src_path=b'/tmp/pytest-of-simone/pytest-134/test_dev_mode_with_empty_proje0/readme.txt', wd=1, mask=IN_CREATE, cookie=0, name='readme.txt'>
12:40:39.105 D watchdog.observers.inotify_buffer:inotify_buffer.py:52 in-event <InotifyEvent: src_path=b'/tmp/pytest-of-simone/pytest-134/test_dev_mode_with_empty_proje0/readme.txt', wd=1, mask=IN_MODIFY, cookie=0, name='readme.txt'>
12:40:39.105 D watchdog.observers.inotify_buffer:inotify_buffer.py:52 in-event <InotifyEvent: src_path=b'/tmp/pytest-of-simone/pytest-134/test_dev_mode_with_empty_proje0/readme.txt', wd=1, mask=IN_CLOSE_WRITE, cookie=0, name='readme.txt'>
12:40:39.105 D watchdog.observers.inotify_buffer:inotify_buffer.py:52 in-event <InotifyEvent: src_path=b'/tmp/pytest-of-simone/pytest-134/test_dev_mode_with_empty_proje0/readme.txt', wd=1, mask=IN_ATTRIB, cookie=0, name='readme.txt'>
12:40:39.107 D tests.server.dev_mode_test:dev_mode_test.py:56 Filesystem tree for /tmp/pytest-of-simone/pytest-134/test_dev_mode_with_empty_proje0/remote:
    â”œâ”€â”€ __init__.py (232)
    â””â”€â”€ component1.py (279)
12:40:39.207 I wwwpy.server.designer.dev_mode:dev_mode.py:141 Hotreload 6 events for `remote`. Summary: ['remote/component1.py', 'remote/__init__.py', 'remote']
12:40:39.260 D asyncio:selector_events.py:54 Using selector: EpollSelector
12:40:39.308 W tests.server.page_fixture:page_fixture.py:72 retrying assert_evaluate_retry
12:40:39.313 D tests.server.dev_mode_test:dev_mode_test.py:56 Filesystem tree for /tmp/pytest-of-simone/pytest-134/test_dev_mode_with_empty_proje0/remote:
    â”œâ”€â”€ __init__.py (232)
    â””â”€â”€ component1.py (279)
12:40:39.514 W tests.server.page_fixture:page_fixture.py:72 retrying assert_evaluate_retry
12:40:39.519 D tests.server.dev_mode_test:dev_mode_test.py:56 Filesystem tree for /tmp/pytest-of-simone/pytest-134/test_dev_mode_with_empty_proje0/remote:
    â”œâ”€â”€ __init__.py (232)
    â””â”€â”€ component1.py (279)
12:40:39.720 W tests.server.page_fixture:page_fixture.py:72 retrying assert_evaluate_retry
12:40:39.726 D tests.server.dev_mode_test:dev_mode_test.py:56 Filesystem tree for /tmp/pytest-of-simone/pytest-134/test_dev_mode_with_empty_proje0/remote:
    â”œâ”€â”€ __init__.py (232)
    â””â”€â”€ component1.py (279)
12:40:39.926 W tests.server.page_fixture:page_fixture.py:72 retrying assert_evaluate_retry
12:40:39.931 D tests.server.dev_mode_test:dev_mode_test.py:56 Filesystem tree for /tmp/pytest-of-simone/pytest-134/test_dev_mode_with_empty_proje0/remote:
    â”œâ”€â”€ __init__.py (232)
    â””â”€â”€ component1.py (279)
12:40:40.131 W tests.server.page_fixture:page_fixture.py:72 retrying assert_evaluate_retry
12:40:40.138 D tests.server.dev_mode_test:dev_mode_test.py:56 Filesystem tree for /tmp/pytest-of-simone/pytest-134/test_dev_mode_with_empty_proje0/remote:
    â”œâ”€â”€ __init__.py (232)
    â””â”€â”€ component1.py (279)
12:40:40.338 W tests.server.page_fixture:page_fixture.py:72 retrying assert_evaluate_retry
12:40:40.343 D tests.server.dev_mode_test:dev_mode_test.py:56 Filesystem tree for /tmp/pytest-of-simone/pytest-134/test_dev_mode_with_empty_proje0/remote:
    â”œâ”€â”€ __init__.py (232)
    â””â”€â”€ component1.py (279)
12:40:40.544 W tests.server.page_fixture:page_fixture.py:72 retrying assert_evaluate_retry
12:40:40.548 D tests.server.dev_mode_test:dev_mode_test.py:56 Filesystem tree for /tmp/pytest-of-simone/pytest-134/test_dev_mode_with_empty_proje0/remote:
    â”œâ”€â”€ __init__.py (232)
    â””â”€â”€ component1.py (279)
12:40:40.749 W tests.server.page_fixture:page_fixture.py:72 retrying assert_evaluate_retry
12:40:40.755 D tests.server.dev_mode_test:dev_mode_test.py:56 Filesystem tree for /tmp/pytest-of-simone/pytest-134/test_dev_mode_with_empty_proje0/remote:
    â”œâ”€â”€ __init__.py (232)
    â””â”€â”€ component1.py (279)
12:40:40.956 W tests.server.page_fixture:page_fixture.py:72 retrying assert_evaluate_retry
12:40:40.961 D tests.server.dev_mode_test:dev_mode_test.py:56 Filesystem tree for /tmp/pytest-of-simone/pytest-134/test_dev_mode_with_empty_proje0/remote:
    â”œâ”€â”€ __init__.py (232)
    â””â”€â”€ component1.py (279)
12:40:41.162 W tests.server.page_fixture:page_fixture.py:72 retrying assert_evaluate_retry
12:40:41.166 D tests.server.dev_mode_test:dev_mode_test.py:56 Filesystem tree for /tmp/pytest-of-simone/pytest-134/test_dev_mode_with_empty_proje0/remote:
    â”œâ”€â”€ __init__.py (232)
    â””â”€â”€ component1.py (279)
12:40:41.367 W tests.server.page_fixture:page_fixture.py:72 retrying assert_evaluate_retry
12:40:41.374 D tests.server.dev_mode_test:dev_mode_test.py:56 Filesystem tree for /tmp/pytest-of-simone/pytest-134/test_dev_mode_with_empty_proje0/remote:
    â”œâ”€â”€ __init__.py (232)
    â””â”€â”€ component1.py (279)
12:40:41.574 W tests.server.page_fixture:page_fixture.py:72 retrying assert_evaluate_retry
12:40:41.579 D tests.server.dev_mode_test:dev_mode_test.py:56 Filesystem tree for /tmp/pytest-of-simone/pytest-134/test_dev_mode_with_empty_proje0/remote:
    â”œâ”€â”€ __init__.py (232)
    â””â”€â”€ component1.py (279)
12:40:41.780 W tests.server.page_fixture:page_fixture.py:72 retrying assert_evaluate_retry
12:40:41.786 D tests.server.dev_mode_test:dev_mode_test.py:56 Filesystem tree for /tmp/pytest-of-simone/pytest-134/test_dev_mode_with_empty_proje0/remote:
    â”œâ”€â”€ __init__.py (232)
    â””â”€â”€ component1.py (279)
12:40:41.986 W tests.server.page_fixture:page_fixture.py:72 retrying assert_evaluate_retry
12:40:41.992 D tests.server.dev_mode_test:dev_mode_test.py:56 Filesystem tree for /tmp/pytest-of-simone/pytest-134/test_dev_mode_with_empty_proje0/remote:
    â”œâ”€â”€ __init__.py (232)
    â””â”€â”€ component1.py (279)
2025-07-14 12:40:41,992 ğŸ› D tests.server.dev_mode_test:56 - Filesystem tree for /tmp/pytest-of-simone/pytest-134/test_dev_mode_with_empty_proje0/remote:
    â”œâ”€â”€ __init__.py (232)
    â””â”€â”€ component1.py (279)
12:40:42.193 W tests.server.page_fixture:page_fixture.py:72 retrying assert_evaluate_retry
12:40:42.198 D tests.server.dev_mode_test:dev_mode_test.py:56 Filesystem tree for /tmp/pytest-of-simone/pytest-134/test_dev_mode_with_empty_proje0/remote:
    â”œâ”€â”€ __init__.py (232)
    â””â”€â”€ component1.py (279)
12:40:42.399 W tests.server.page_fixture:page_fixture.py:72 retrying assert_evaluate_retry
12:40:42.405 D tests.server.dev_mode_test:dev_mode_test.py:56 Filesystem tree for /tmp/pytest-of-simone/pytest-134/test_dev_mode_with_empty_proje0/remote:
    â”œâ”€â”€ __init__.py (232)
    â””â”€â”€ component1.py (279)
12:40:42.605 W tests.server.page_fixture:page_fixture.py:72 retrying assert_evaluate_retry
12:40:42.611 D tests.server.dev_mode_test:dev_mode_test.py:56 Filesystem tree for /tmp/pytest-of-simone/pytest-134/test_dev_mode_with_empty_proje0/remote:
    â”œâ”€â”€ __init__.py (232)
    â””â”€â”€ component1.py (279)
12:40:42.812 W tests.server.page_fixture:page_fixture.py:72 retrying assert_evaluate_retry
12:40:42.817 D tests.server.dev_mode_test:dev_mode_test.py:56 Filesystem tree for /tmp/pytest-of-simone/pytest-134/test_dev_mode_with_empty_proje0/remote:
    â”œâ”€â”€ __init__.py (232)
    â””â”€â”€ component1.py (279)
12:40:43.017 W tests.server.page_fixture:page_fixture.py:72 retrying assert_evaluate_retry
12:40:43.023 D tests.server.dev_mode_test:dev_mode_test.py:56 Filesystem tree for /tmp/pytest-of-simone/pytest-134/test_dev_mode_with_empty_proje0/remote:
    â”œâ”€â”€ __init__.py (232)
    â””â”€â”€ component1.py (279)
12:40:43.223 W tests.server.page_fixture:page_fixture.py:72 retrying assert_evaluate_retry
12:40:43.229 D tests.server.dev_mode_test:dev_mode_test.py:56 Filesystem tree for /tmp/pytest-of-simone/pytest-134/test_dev_mode_with_empty_proje0/remote:
    â”œâ”€â”€ __init__.py (232)
    â””â”€â”€ component1.py (279)
12:40:43.429 W tests.server.page_fixture:page_fixture.py:72 retrying assert_evaluate_retry
12:40:43.435 D tests.server.dev_mode_test:dev_mode_test.py:56 Filesystem tree for /tmp/pytest-of-simone/pytest-134/test_dev_mode_with_empty_proje0/remote:
    â”œâ”€â”€ __init__.py (232)
    â””â”€â”€ component1.py (279)
12:40:43.636 W tests.server.page_fixture:page_fixture.py:72 retrying assert_evaluate_retry
12:40:43.641 D tests.server.dev_mode_test:dev_mode_test.py:56 Filesystem tree for /tmp/pytest-of-simone/pytest-134/test_dev_mode_with_empty_proje0/remote:
    â”œâ”€â”€ __init__.py (232)
    â””â”€â”€ component1.py (279)
12:40:43.842 W tests.server.page_fixture:page_fixture.py:72 retrying assert_evaluate_retry
12:40:43.849 D tests.server.dev_mode_test:dev_mode_test.py:56 Filesystem tree for /tmp/pytest-of-simone/pytest-134/test_dev_mode_with_empty_proje0/remote:
    â”œâ”€â”€ __init__.py (232)
    â””â”€â”€ component1.py (279)
12:40:44.049 W tests.server.page_fixture:page_fixture.py:72 retrying assert_evaluate_retry
12:40:44.055 D tests.server.dev_mode_test:dev_mode_test.py:56 Filesystem tree for /tmp/pytest-of-simone/pytest-134/test_dev_mode_with_empty_proje0/remote:
    â”œâ”€â”€ __init__.py (232)
    â””â”€â”€ component1.py (279)
12:40:44.256 E tests.server.dev_mode_test:dev_mode_test.py:72 Assertion failed: component-1 not attached. Error: html=[[[Importing the "remote" package...<wwwpy-dev-mode-component></wwwpy-dev-mode-component>]]]
assert False
12:40:44.259 D tests.server.dev_mode_test:dev_mode_test.py:74 Body HTML content:
`Importing the "remote" package...<wwwpy-dev-mode-component></wwwpy-dev-mode-component>`
12:40:44.265 D tests.server.dev_mode_test:dev_mode_test.py:56 Filesystem tree for /tmp/pytest-of-simone/pytest-134/test_dev_mode_with_empty_proje0/remote:
    â”œâ”€â”€ __init__.py (232)
    â””â”€â”€ component1.py (279)
FAILED                                                                   [100%]

=================================== FAILURES ===================================
_ test_dev_mode_with_empty_project__should_show_quickstart_dialog[chromium-WsTornado] _

fixture = <tests.server.page_fixture.PageFixture object at 0x7f019c27b4f0>

    @for_all_webservers()
    def test_dev_mode_with_empty_project__should_show_quickstart_dialog(fixture: PageFixture):
        logger.info('test_dev_mode_with_empty_project__should_show_quickstart_dialog -- marker to separate logs')
        fixture.dev_mode = True
        assert list(fixture.tmp_path.iterdir()) == []
        fixture.start_remote()
        assert is_empty_project(fixture.tmp_path)
    
        expect(fixture.page.locator('wwwpy-dev-mode-component')).to_be_attached()
    
        # language=python
        fixture.assert_evaluate_retry("""
    from wwwpy.remote.designer.ui.dev_mode_component import DevModeComponent
    DevModeComponent.instance.quickstart is not None
    """)
        assert is_empty_project(fixture.tmp_path)
    
        # language=python
        fixture.assert_evaluate_retry("""
    from wwwpy.remote.designer.ui.dev_mode_component import DevModeComponent
    not DevModeComponent.instance.toolbox.visible
    """)
    
        logger.debug('accepting quickstart')
        # language=python
        fixture.assert_evaluate_retry("""
    from wwwpy.remote.designer.ui.dev_mode_component import DevModeComponent
    not DevModeComponent.instance.quickstart.accept_quickstart('basic')
    """)
    
        logger.debug('checking quickstart applied')
        # language=python
        fixture.assert_evaluate_retry("""
    from wwwpy.remote.designer.ui.dev_mode_component import DevModeComponent
    DevModeComponent.instance.quickstart.window.element.isConnected is False
    """)
    
        def print_server_fs():
            logger.debug(filesystem_tree_str(fixture.tmp_path / 'remote'))
    
        logger.debug(f'Going to verify if component-1 is attached with a specific 42000ms timeout')
        try:
            # expect(fixture.page.locator('component-1')).to_be_attached(timeout=42000)
            # language=python
>           fixture.assert_evaluate_retry("""
    from pathlib import Path
    rem = Path('/wwwpy_bundle/remote')
    from wwwpy.common.tree import filesystem_tree_str
    print(filesystem_tree_str(rem))
    
    import js
    '<component-1>' in js.document.body.innerHTML , f'html=[[[{js.document.body.innerHTML}]]]'
    """, on_false_eval=print_server_fs)
E   AssertionError: html=[[[Importing the "remote" package...<wwwpy-dev-mode-component></wwwpy-dev-mode-component>]]]
E   assert False

body_html  = 'Importing the "remote" package...<wwwpy-dev-mode-component></wwwpy-dev-mode-component>'
fixture    = <tests.server.page_fixture.PageFixture object at 0x7f019c27b4f0>
print_server_fs = <function test_dev_mode_with_empty_project__should_show_quickstart_dialog.<locals>.print_server_fs at 0x7f0195d58b80>

dev_mode_test.py:62: AssertionError
------------------------------ Captured log setup ------------------------------
12:40:34.439 D asyncio:selector_events.py:54 Using selector: EpollSelector
----------------------------- Captured stdout call -----------------------------
2025-07-14 12:40:34,689 ğŸ› D wwwpy.rpc:147 - generate_remote_stubs in /tmp/tmptnfsqja7
2025-07-14 12:40:34,691 ğŸ› D wwwpy.rpc:166 - Module `wwwpy.server.designer.rpc` len(stub_source)=1721
2025-07-14 12:40:34,697 ğŸ› D wwwpy.server.filesystem_sync.any_observer:42 - Creating observer for /tmp/pytest-of-simone/pytest-134/test_dev_mode_with_empty_proje0
Available at (non-exhaustive list):
    http://10.2.2.16:10038
    http://127.0.0.1:10038

2025-07-14 12:40:34,699 ğŸ› D asyncio:54 - Using selector: EpollSelector
console [log] ==== loading pyodide...
console [log] ==== loading pyodide.runPythonAsync(...). See in the following lines for the code
console [log] ==== -----------------------  START PYTHON CODE  -------------------------------
console [log] ==== 
import sys
from pyodide.http import pyfetch
response = await pyfetch('/wwwpy/bundle.zip')
await response.unpack_archive(extract_dir='/wwwpy_bundle')
sys.path.insert(0, '/wwwpy_bundle')

from wwwpy.remote.browser_main import entry_point; await entry_point(dev_mode=True)
    
console [log] ==== -----------------------  END PYTHON CODE    -------------------------------
console [log] ==== wwwpy v0.1.85
console [log] ==== connecting to ws://127.0.0.1:10038/wwwpy/ws counter=1
console [log] ==== Loading micropip
console [log] ==== open
console [log] ==== Loaded micropip
console [log] ==== Loading libcst, pyyaml
console [log] ==== Loaded libcst, pyyaml
console [log] ==== micropip already loaded from default channel
console [log] ==== No new packages to load
console [log] ==== Loading packaging, platformdirs
console [log] ==== Loaded packaging, platformdirs
console [log] ==== invoke_browser_main
console [error] ==== Exception: No module named 'remote'
2025-07-14 12:40:38,783 ğŸ› D asyncio:54 - Using selector: EpollSelector
2025-07-14 12:40:38,784 ğŸ› D asyncio:54 - Using selector: EpollSelector
2025-07-14 12:40:39,090 ğŸ› D tests.server.dev_mode_test:41 - accepting quickstart
2025-07-14 12:40:39,094 ğŸ› D tests.server.dev_mode_test:48 - checking quickstart applied
2025-07-14 12:40:39,095 ğŸ› D asyncio:54 - Using selector: EpollSelector
2025-07-14 12:40:39,103 ğŸ› D watchdog.observers.inotify_buffer:52 - in-event <InotifyEvent: src_path=b'/tmp/pytest-of-simone/pytest-134/test_dev_mode_with_empty_proje0/remote/__init__.py', wd=2, mask=IN_CREATE, cookie=0, name='__init__.py'>
2025-07-14 12:40:39,103 ğŸ› D watchdog.observers.inotify_buffer:52 - in-event <InotifyEvent: src_path=b'/tmp/pytest-of-simone/pytest-134/test_dev_mode_with_empty_proje0/remote/component1.py', wd=2, mask=IN_CREATE, cookie=0, name='component1.py'>
2025-07-14 12:40:39,103 ğŸ› W wwwpy.common.quickstart:23 - Quickstart applied basic to /tmp/pytest-of-simone/pytest-134/test_dev_mode_with_empty_proje0
2025-07-14 12:40:39,104 ğŸ› I wwwpy.server.designer.rpc:75 - Quickstart applied basic to /tmp/pytest-of-simone/pytest-134/test_dev_mode_with_empty_proje0
2025-07-14 12:40:39,105 ğŸ› D watchdog.observers.inotify_buffer:52 - in-event <InotifyEvent: src_path=b'/tmp/pytest-of-simone/pytest-134/test_dev_mode_with_empty_proje0/readme.txt', wd=1, mask=IN_CREATE, cookie=0, name='readme.txt'>
2025-07-14 12:40:39,105 ğŸ› D watchdog.observers.inotify_buffer:52 - in-event <InotifyEvent: src_path=b'/tmp/pytest-of-simone/pytest-134/test_dev_mode_with_empty_proje0/readme.txt', wd=1, mask=IN_MODIFY, cookie=0, name='readme.txt'>
2025-07-14 12:40:39,105 ğŸ› D watchdog.observers.inotify_buffer:52 - in-event <InotifyEvent: src_path=b'/tmp/pytest-of-simone/pytest-134/test_dev_mode_with_empty_proje0/readme.txt', wd=1, mask=IN_CLOSE_WRITE, cookie=0, name='readme.txt'>
2025-07-14 12:40:39,105 ğŸ› D watchdog.observers.inotify_buffer:52 - in-event <InotifyEvent: src_path=b'/tmp/pytest-of-simone/pytest-134/test_dev_mode_with_empty_proje0/readme.txt', wd=1, mask=IN_ATTRIB, cookie=0, name='readme.txt'>console [log] ==== Filesystem path do not exists `/wwwpy_bundle/remote`

2025-07-14 12:40:39,107 ğŸ› D tests.server.dev_mode_test:56 - Filesystem tree for /tmp/pytest-of-simone/pytest-134/test_dev_mode_with_empty_proje0/remote:
    â”œâ”€â”€ __init__.py (232)
    â””â”€â”€ component1.py (279)
2025-07-14 12:40:39,207 ğŸ› I wwwpy.server.designer.dev_mode:141 - Hotreload 6 events for `remote`. Summary: ['remote/component1.py', 'remote/__init__.py', 'remote']
2025-07-14 12:40:39,260 ğŸ› D asyncio:54 - Using selector: EpollSelector
2025-07-14 12:40:39,308 ğŸ› W tests.server.page_fixture:72 - retrying assert_evaluate_retry
console [log] ==== message:["wwwpy.remote.designer.rpc", "DesignerRpc.hotreload_notify_changes", [true, [{"event_type": "created", "is_directory": true, "src_path": "remote", "dest_path": "", "content": ["<class 'NoneType'>", null]}, {"event_type": "created", "is_directory": false, "src_path": "remote/__init__.py", "dest_path": "", "content": ["<class 'NoneType'>", null]}, {"event_type": "created", "is_directory": false, "src_path": "remote/component1.py", "dest_path": "", "content": ["<class 'NoneType'>", null]}]]]
console [log] ==== reloading
console [log] ==== invoke_browser_main
console [log] ==== Filesystem tree for /wwwpy_bundle/remote:
console [log] ====     â”œâ”€â”€ __init__.py (0)
console [log] ====     â””â”€â”€ component1.py (0)
2025-07-14 12:40:39,313 ğŸ› D tests.server.dev_mode_test:56 - Filesystem tree for /tmp/pytest-of-simone/pytest-134/test_dev_mode_with_empty_proje0/remote:
    â”œâ”€â”€ __init__.py (232)
    â””â”€â”€ component1.py (279)
2025-07-14 12:40:39,514 ğŸ› W tests.server.page_fixture:72 - retrying assert_evaluate_retry
console [log] ==== Filesystem tree for /wwwpy_bundle/remote:
console [log] ====     â”œâ”€â”€ __init__.py (0)
console [log] ====     â””â”€â”€ component1.py (0)
2025-07-14 12:40:39,519 ğŸ› D tests.server.dev_mode_test:56 - Filesystem tree for /tmp/pytest-of-simone/pytest-134/test_dev_mode_with_empty_proje0/remote:
    â”œâ”€â”€ __init__.py (232)
    â””â”€â”€ component1.py (279)
2025-07-14 12:40:39,720 ğŸ› W tests.server.page_fixture:72 - retrying assert_evaluate_retry
console [log] ==== Filesystem tree for /wwwpy_bundle/remote:
console [log] ====     â”œâ”€â”€ __init__.py (0)
console [log] ====     â””â”€â”€ component1.py (0)
2025-07-14 12:40:39,726 ğŸ› D tests.server.dev_mode_test:56 - Filesystem tree for /tmp/pytest-of-simone/pytest-134/test_dev_mode_with_empty_proje0/remote:
    â”œâ”€â”€ __init__.py (232)
    â””â”€â”€ component1.py (279)
2025-07-14 12:40:39,926 ğŸ› W tests.server.page_fixture:72 - retrying assert_evaluate_retry
console [log] ==== Filesystem tree for /wwwpy_bundle/remote:
console [log] ====     â”œâ”€â”€ __init__.py (0)
console [log] ====     â””â”€â”€ component1.py (0)
2025-07-14 12:40:39,931 ğŸ› D tests.server.dev_mode_test:56 - Filesystem tree for /tmp/pytest-of-simone/pytest-134/test_dev_mode_with_empty_proje0/remote:
    â”œâ”€â”€ __init__.py (232)
    â””â”€â”€ component1.py (279)
2025-07-14 12:40:40,131 ğŸ› W tests.server.page_fixture:72 - retrying assert_evaluate_retry
console [log] ==== Filesystem tree for /wwwpy_bundle/remote:
console [log] ====     â”œâ”€â”€ __init__.py (0)
console [log] ====     â””â”€â”€ component1.py (0)
2025-07-14 12:40:40,138 ğŸ› D tests.server.dev_mode_test:56 - Filesystem tree for /tmp/pytest-of-simone/pytest-134/test_dev_mode_with_empty_proje0/remote:
    â”œâ”€â”€ __init__.py (232)
    â””â”€â”€ component1.py (279)
2025-07-14 12:40:40,338 ğŸ› W tests.server.page_fixture:72 - retrying assert_evaluate_retry
console [log] ==== Filesystem tree for /wwwpy_bundle/remote:
console [log] ====     â”œâ”€â”€ __init__.py (0)
console [log] ====     â””â”€â”€ component1.py (0)
2025-07-14 12:40:40,343 ğŸ› D tests.server.dev_mode_test:56 - Filesystem tree for /tmp/pytest-of-simone/pytest-134/test_dev_mode_with_empty_proje0/remote:
    â”œâ”€â”€ __init__.py (232)
    â””â”€â”€ component1.py (279)
2025-07-14 12:40:40,544 ğŸ› W tests.server.page_fixture:72 - retrying assert_evaluate_retry
console [log] ==== Filesystem tree for /wwwpy_bundle/remote:
console [log] ====     â”œâ”€â”€ __init__.py (0)
console [log] ====     â””â”€â”€ component1.py (0)
2025-07-14 12:40:40,548 ğŸ› D tests.server.dev_mode_test:56 - Filesystem tree for /tmp/pytest-of-simone/pytest-134/test_dev_mode_with_empty_proje0/remote:
    â”œâ”€â”€ __init__.py (232)
    â””â”€â”€ component1.py (279)
2025-07-14 12:40:40,749 ğŸ› W tests.server.page_fixture:72 - retrying assert_evaluate_retry
console [log] ==== Filesystem tree for /wwwpy_bundle/remote:
console [log] ====     â”œâ”€â”€ __init__.py (0)
console [log] ====     â””â”€â”€ component1.py (0)
2025-07-14 12:40:40,755 ğŸ› D tests.server.dev_mode_test:56 - Filesystem tree for /tmp/pytest-of-simone/pytest-134/test_dev_mode_with_empty_proje0/remote:
    â”œâ”€â”€ __init__.py (232)
    â””â”€â”€ component1.py (279)
2025-07-14 12:40:40,956 ğŸ› W tests.server.page_fixture:72 - retrying assert_evaluate_retry
console [log] ==== Filesystem tree for /wwwpy_bundle/remote:
console [log] ====     â”œâ”€â”€ __init__.py (0)
console [log] ====     â””â”€â”€ component1.py (0)
2025-07-14 12:40:40,961 ğŸ› D tests.server.dev_mode_test:56 - Filesystem tree for /tmp/pytest-of-simone/pytest-134/test_dev_mode_with_empty_proje0/remote:
    â”œâ”€â”€ __init__.py (232)
    â””â”€â”€ component1.py (279)
2025-07-14 12:40:41,162 ğŸ› W tests.server.page_fixture:72 - retrying assert_evaluate_retry
console [log] ==== Filesystem tree for /wwwpy_bundle/remote:
console [log] ====     â”œâ”€â”€ __init__.py (0)
console [log] ====     â””â”€â”€ component1.py (0)
2025-07-14 12:40:41,166 ğŸ› D tests.server.dev_mode_test:56 - Filesystem tree for /tmp/pytest-of-simone/pytest-134/test_dev_mode_with_empty_proje0/remote:
    â”œâ”€â”€ __init__.py (232)
    â””â”€â”€ component1.py (279)
2025-07-14 12:40:41,367 ğŸ› W tests.server.page_fixture:72 - retrying assert_evaluate_retry
console [log] ==== Filesystem tree for /wwwpy_bundle/remote:
console [log] ====     â”œâ”€â”€ __init__.py (0)
console [log] ====     â””â”€â”€ component1.py (0)
2025-07-14 12:40:41,374 ğŸ› D tests.server.dev_mode_test:56 - Filesystem tree for /tmp/pytest-of-simone/pytest-134/test_dev_mode_with_empty_proje0/remote:
    â”œâ”€â”€ __init__.py (232)
    â””â”€â”€ component1.py (279)
2025-07-14 12:40:41,574 ğŸ› W tests.server.page_fixture:72 - retrying assert_evaluate_retry
console [log] ==== Filesystem tree for /wwwpy_bundle/remote:
console [log] ====     â”œâ”€â”€ __init__.py (0)
console [log] ====     â””â”€â”€ component1.py (0)
2025-07-14 12:40:41,579 ğŸ› D tests.server.dev_mode_test:56 - Filesystem tree for /tmp/pytest-of-simone/pytest-134/test_dev_mode_with_empty_proje0/remote:
    â”œâ”€â”€ __init__.py (232)
    â””â”€â”€ component1.py (279)
2025-07-14 12:40:41,780 ğŸ› W tests.server.page_fixture:72 - retrying assert_evaluate_retry
console [log] ==== Filesystem tree for /wwwpy_bundle/remote:
console [log] ====     â”œâ”€â”€ __init__.py (0)
console [log] ====     â””â”€â”€ component1.py (0)
2025-07-14 12:40:41,786 ğŸ› D tests.server.dev_mode_test:56 - Filesystem tree for /tmp/pytest-of-simone/pytest-134/test_dev_mode_with_empty_proje0/remote:
    â”œâ”€â”€ __init__.py (232)
    â””â”€â”€ component1.py (279)
2025-07-14 12:40:41,986 ğŸ› W tests.server.page_fixture:72 - retrying assert_evaluate_retry
console [log] ==== Filesystem tree for /wwwpy_bundle/remote:
console [log] ====     â”œâ”€â”€ __init__.py (0)
console [log] ====     â””â”€â”€ component1.py (0)
2025-07-14 12:40:42,193 ğŸ› W tests.server.page_fixture:72 - retrying assert_evaluate_retry
console [log] ==== Filesystem tree for /wwwpy_bundle/remote:
console [log] ====     â”œâ”€â”€ __init__.py (0)
console [log] ====     â””â”€â”€ component1.py (0)
2025-07-14 12:40:42,198 ğŸ› D tests.server.dev_mode_test:56 - Filesystem tree for /tmp/pytest-of-simone/pytest-134/test_dev_mode_with_empty_proje0/remote:
    â”œâ”€â”€ __init__.py (232)
    â””â”€â”€ component1.py (279)
2025-07-14 12:40:42,399 ğŸ› W tests.server.page_fixture:72 - retrying assert_evaluate_retry
console [log] ==== Filesystem tree for /wwwpy_bundle/remote:
console [log] ====     â”œâ”€â”€ __init__.py (0)
console [log] ====     â””â”€â”€ component1.py (0)
2025-07-14 12:40:42,405 ğŸ› D tests.server.dev_mode_test:56 - Filesystem tree for /tmp/pytest-of-simone/pytest-134/test_dev_mode_with_empty_proje0/remote:
    â”œâ”€â”€ __init__.py (232)
    â””â”€â”€ component1.py (279)
2025-07-14 12:40:42,605 ğŸ› W tests.server.page_fixture:72 - retrying assert_evaluate_retry
console [log] ==== Filesystem tree for /wwwpy_bundle/remote:
console [log] ====     â”œâ”€â”€ __init__.py (0)
console [log] ====     â””â”€â”€ component1.py (0)
2025-07-14 12:40:42,611 ğŸ› D tests.server.dev_mode_test:56 - Filesystem tree for /tmp/pytest-of-simone/pytest-134/test_dev_mode_with_empty_proje0/remote:
    â”œâ”€â”€ __init__.py (232)
    â””â”€â”€ component1.py (279)
2025-07-14 12:40:42,812 ğŸ› W tests.server.page_fixture:72 - retrying assert_evaluate_retry
console [log] ==== Filesystem tree for /wwwpy_bundle/remote:
console [log] ====     â”œâ”€â”€ __init__.py (0)
console [log] ====     â””â”€â”€ component1.py (0)
2025-07-14 12:40:42,817 ğŸ› D tests.server.dev_mode_test:56 - Filesystem tree for /tmp/pytest-of-simone/pytest-134/test_dev_mode_with_empty_proje0/remote:
    â”œâ”€â”€ __init__.py (232)
    â””â”€â”€ component1.py (279)
2025-07-14 12:40:43,017 ğŸ› W tests.server.page_fixture:72 - retrying assert_evaluate_retry
console [log] ==== Filesystem tree for /wwwpy_bundle/remote:
console [log] ====     â”œâ”€â”€ __init__.py (0)
console [log] ====     â””â”€â”€ component1.py (0)
2025-07-14 12:40:43,023 ğŸ› D tests.server.dev_mode_test:56 - Filesystem tree for /tmp/pytest-of-simone/pytest-134/test_dev_mode_with_empty_proje0/remote:
    â”œâ”€â”€ __init__.py (232)
    â””â”€â”€ component1.py (279)
2025-07-14 12:40:43,223 ğŸ› W tests.server.page_fixture:72 - retrying assert_evaluate_retry
console [log] ==== Filesystem tree for /wwwpy_bundle/remote:
console [log] ====     â”œâ”€â”€ __init__.py (0)
console [log] ====     â””â”€â”€ component1.py (0)
2025-07-14 12:40:43,229 ğŸ› D tests.server.dev_mode_test:56 - Filesystem tree for /tmp/pytest-of-simone/pytest-134/test_dev_mode_with_empty_proje0/remote:
    â”œâ”€â”€ __init__.py (232)
    â””â”€â”€ component1.py (279)
2025-07-14 12:40:43,429 ğŸ› W tests.server.page_fixture:72 - retrying assert_evaluate_retry
console [log] ==== Filesystem tree for /wwwpy_bundle/remote:
console [log] ====     â”œâ”€â”€ __init__.py (0)
console [log] ====     â””â”€â”€ component1.py (0)
2025-07-14 12:40:43,435 ğŸ› D tests.server.dev_mode_test:56 - Filesystem tree for /tmp/pytest-of-simone/pytest-134/test_dev_mode_with_empty_proje0/remote:
    â”œâ”€â”€ __init__.py (232)
    â””â”€â”€ component1.py (279)
2025-07-14 12:40:43,636 ğŸ› W tests.server.page_fixture:72 - retrying assert_evaluate_retry
console [log] ==== Filesystem tree for /wwwpy_bundle/remote:
console [log] ====     â”œâ”€â”€ __init__.py (0)
console [log] ====     â””â”€â”€ component1.py (0)
2025-07-14 12:40:43,641 ğŸ› D tests.server.dev_mode_test:56 - Filesystem tree for /tmp/pytest-of-simone/pytest-134/test_dev_mode_with_empty_proje0/remote:
    â”œâ”€â”€ __init__.py (232)
    â””â”€â”€ component1.py (279)
2025-07-14 12:40:43,842 ğŸ› W tests.server.page_fixture:72 - retrying assert_evaluate_retry
console [log] ==== Filesystem tree for /wwwpy_bundle/remote:
console [log] ====     â”œâ”€â”€ __init__.py (0)
console [log] ====     â””â”€â”€ component1.py (0)
2025-07-14 12:40:43,849 ğŸ› D tests.server.dev_mode_test:56 - Filesystem tree for /tmp/pytest-of-simone/pytest-134/test_dev_mode_with_empty_proje0/remote:
    â”œâ”€â”€ __init__.py (232)
    â””â”€â”€ component1.py (279)
2025-07-14 12:40:44,049 ğŸ› W tests.server.page_fixture:72 - retrying assert_evaluate_retry
console [log] ==== Filesystem tree for /wwwpy_bundle/remote:
console [log] ====     â”œâ”€â”€ __init__.py (0)
console [log] ====     â””â”€â”€ component1.py (0)
2025-07-14 12:40:44,055 ğŸ› D tests.server.dev_mode_test:56 - Filesystem tree for /tmp/pytest-of-simone/pytest-134/test_dev_mode_with_empty_proje0/remote:
    â”œâ”€â”€ __init__.py (232)
    â””â”€â”€ component1.py (279)
2025-07-14 12:40:44,256 ğŸ› E tests.server.dev_mode_test:72 - Assertion failed: component-1 not attached. Error: html=[[[Importing the "remote" package...<wwwpy-dev-mode-component></wwwpy-dev-mode-component>]]]
assert False
2025-07-14 12:40:44,259 ğŸ› D tests.server.dev_mode_test:74 - Body HTML content:
`Importing the "remote" package...<wwwpy-dev-mode-component></wwwpy-dev-mode-component>`
console [log] ==== â”œâ”€â”€ __init__.py (0)
console [log] ==== â””â”€â”€ component1.py (0)
2025-07-14 12:40:44,265 ğŸ› D tests.server.dev_mode_test:56 - Filesystem tree for /tmp/pytest-of-simone/pytest-134/test_dev_mode_with_empty_proje0/remote:
    â”œâ”€â”€ __init__.py (232)
    â””â”€â”€ component1.py (279)
----------------------------- Captured stderr call -----------------------------
Traceback (most recent call last):
  File "wwwpy/remote/browser_main.py", line 54, in _invoke_browser_main
    import remote
ModuleNotFoundError: No module named 'remote'

------------------------------ Captured log call -------------------------------
12:40:34.689 I tests.server.dev_mode_test:dev_mode_test.py:20 test_dev_mode_with_empty_project__should_show_quickstart_dialog -- marker to separate logs
12:40:34.689 D wwwpy.rpc:rpc.py:147 generate_remote_stubs in /tmp/tmptnfsqja7
12:40:34.691 D wwwpy.rpc:rpc.py:166 Module `wwwpy.server.designer.rpc` len(stub_source)=1721
12:40:34.697 D wwwpy.server.filesystem_sync.any_observer:any_observer.py:42 Creating observer for /tmp/pytest-of-simone/pytest-134/test_dev_mode_with_empty_proje0
12:40:34.699 D asyncio:selector_events.py:54 Using selector: EpollSelector
12:40:38.783 D asyncio:selector_events.py:54 Using selector: EpollSelector
12:40:38.784 D asyncio:selector_events.py:54 Using selector: EpollSelector
12:40:39.090 D tests.server.dev_mode_test:dev_mode_test.py:41 accepting quickstart
12:40:39.094 D tests.server.dev_mode_test:dev_mode_test.py:48 checking quickstart applied
12:40:39.095 D asyncio:selector_events.py:54 Using selector: EpollSelector
12:40:39.098 D tests.server.dev_mode_test:dev_mode_test.py:58 Going to verify if component-1 is attached with a specific 42000ms timeout
12:40:39.103 D watchdog.observers.inotify_buffer:inotify_buffer.py:52 in-event <InotifyEvent: src_path=b'/tmp/pytest-of-simone/pytest-134/test_dev_mode_with_empty_proje0/remote/__init__.py', wd=2, mask=IN_CREATE, cookie=0, name='__init__.py'>
12:40:39.103 D watchdog.observers.inotify_buffer:inotify_buffer.py:52 in-event <InotifyEvent: src_path=b'/tmp/pytest-of-simone/pytest-134/test_dev_mode_with_empty_proje0/remote/component1.py', wd=2, mask=IN_CREATE, cookie=0, name='component1.py'>
12:40:39.103 W wwwpy.common.quickstart:__init__.py:23 Quickstart applied basic to /tmp/pytest-of-simone/pytest-134/test_dev_mode_with_empty_proje0
12:40:39.104 I wwwpy.server.designer.rpc:rpc.py:75 Quickstart applied basic to /tmp/pytest-of-simone/pytest-134/test_dev_mode_with_empty_proje0
12:40:39.105 D watchdog.observers.inotify_buffer:inotify_buffer.py:52 in-event <InotifyEvent: src_path=b'/tmp/pytest-of-simone/pytest-134/test_dev_mode_with_empty_proje0/readme.txt', wd=1, mask=IN_CREATE, cookie=0, name='readme.txt'>
12:40:39.105 D watchdog.observers.inotify_buffer:inotify_buffer.py:52 in-event <InotifyEvent: src_path=b'/tmp/pytest-of-simone/pytest-134/test_dev_mode_with_empty_proje0/readme.txt', wd=1, mask=IN_MODIFY, cookie=0, name='readme.txt'>
12:40:39.105 D watchdog.observers.inotify_buffer:inotify_buffer.py:52 in-event <InotifyEvent: src_path=b'/tmp/pytest-of-simone/pytest-134/test_dev_mode_with_empty_proje0/readme.txt', wd=1, mask=IN_CLOSE_WRITE, cookie=0, name='readme.txt'>
12:40:39.105 D watchdog.observers.inotify_buffer:inotify_buffer.py:52 in-event <InotifyEvent: src_path=b'/tmp/pytest-of-simone/pytest-134/test_dev_mode_with_empty_proje0/readme.txt', wd=1, mask=IN_ATTRIB, cookie=0, name='readme.txt'>
12:40:39.107 D tests.server.dev_mode_test:dev_mode_test.py:56 Filesystem tree for /tmp/pytest-of-simone/pytest-134/test_dev_mode_with_empty_proje0/remote:
    â”œâ”€â”€ __init__.py (232)
    â””â”€â”€ component1.py (279)
12:40:39.207 I wwwpy.server.designer.dev_mode:dev_mode.py:141 Hotreload 6 events for `remote`. Summary: ['remote/component1.py', 'remote/__init__.py', 'remote']
12:40:39.260 D asyncio:selector_events.py:54 Using selector: EpollSelector
12:40:39.308 W tests.server.page_fixture:page_fixture.py:72 retrying assert_evaluate_retry
12:40:39.313 D tests.server.dev_mode_test:dev_mode_test.py:56 Filesystem tree for /tmp/pytest-of-simone/pytest-134/test_dev_mode_with_empty_proje0/remote:
    â”œâ”€â”€ __init__.py (232)
    â””â”€â”€ component1.py (279)
12:40:39.514 W tests.server.page_fixture:page_fixture.py:72 retrying assert_evaluate_retry
12:40:39.519 D tests.server.dev_mode_test:dev_mode_test.py:56 Filesystem tree for /tmp/pytest-of-simone/pytest-134/test_dev_mode_with_empty_proje0/remote:
    â”œâ”€â”€ __init__.py (232)
    â””â”€â”€ component1.py (279)
12:40:39.720 W tests.server.page_fixture:page_fixture.py:72 retrying assert_evaluate_retry
12:40:39.726 D tests.server.dev_mode_test:dev_mode_test.py:56 Filesystem tree for /tmp/pytest-of-simone/pytest-134/test_dev_mode_with_empty_proje0/remote:
    â”œâ”€â”€ __init__.py (232)
    â””â”€â”€ component1.py (279)
12:40:39.926 W tests.server.page_fixture:page_fixture.py:72 retrying assert_evaluate_retry
12:40:39.931 D tests.server.dev_mode_test:dev_mode_test.py:56 Filesystem tree for /tmp/pytest-of-simone/pytest-134/test_dev_mode_with_empty_proje0/remote:
    â”œâ”€â”€ __init__.py (232)
    â””â”€â”€ component1.py (279)
12:40:40.131 W tests.server.page_fixture:page_fixture.py:72 retrying assert_evaluate_retry
12:40:40.138 D tests.server.dev_mode_test:dev_mode_test.py:56 Filesystem tree for /tmp/pytest-of-simone/pytest-134/test_dev_mode_with_empty_proje0/remote:
    â”œâ”€â”€ __init__.py (232)
    â””â”€â”€ component1.py (279)
12:40:40.338 W tests.server.page_fixture:page_fixture.py:72 retrying assert_evaluate_retry
12:40:40.343 D tests.server.dev_mode_test:dev_mode_test.py:56 Filesystem tree for /tmp/pytest-of-simone/pytest-134/test_dev_mode_with_empty_proje0/remote:
    â”œâ”€â”€ __init__.py (232)
    â””â”€â”€ component1.py (279)
12:40:40.544 W tests.server.page_fixture:page_fixture.py:72 retrying assert_evaluate_retry
12:40:40.548 D tests.server.dev_mode_test:dev_mode_test.py:56 Filesystem tree for /tmp/pytest-of-simone/pytest-134/test_dev_mode_with_empty_proje0/remote:
    â”œâ”€â”€ __init__.py (232)
    â””â”€â”€ component1.py (279)
12:40:40.749 W tests.server.page_fixture:page_fixture.py:72 retrying assert_evaluate_retry
12:40:40.755 D tests.server.dev_mode_test:dev_mode_test.py:56 Filesystem tree for /tmp/pytest-of-simone/pytest-134/test_dev_mode_with_empty_proje0/remote:
    â”œâ”€â”€ __init__.py (232)
    â””â”€â”€ component1.py (279)
12:40:40.956 W tests.server.page_fixture:page_fixture.py:72 retrying assert_evaluate_retry
12:40:40.961 D tests.server.dev_mode_test:dev_mode_test.py:56 Filesystem tree for /tmp/pytest-of-simone/pytest-134/test_dev_mode_with_empty_proje0/remote:
    â”œâ”€â”€ __init__.py (232)
    â””â”€â”€ component1.py (279)
12:40:41.162 W tests.server.page_fixture:page_fixture.py:72 retrying assert_evaluate_retry
12:40:41.166 D tests.server.dev_mode_test:dev_mode_test.py:56 Filesystem tree for /tmp/pytest-of-simone/pytest-134/test_dev_mode_with_empty_proje0/remote:
    â”œâ”€â”€ __init__.py (232)
    â””â”€â”€ component1.py (279)
12:40:41.367 W tests.server.page_fixture:page_fixture.py:72 retrying assert_evaluate_retry
12:40:41.374 D tests.server.dev_mode_test:dev_mode_test.py:56 Filesystem tree for /tmp/pytest-of-simone/pytest-134/test_dev_mode_with_empty_proje0/remote:
    â”œâ”€â”€ __init__.py (232)
    â””â”€â”€ component1.py (279)
12:40:41.574 W tests.server.page_fixture:page_fixture.py:72 retrying assert_evaluate_retry
12:40:41.579 D tests.server.dev_mode_test:dev_mode_test.py:56 Filesystem tree for /tmp/pytest-of-simone/pytest-134/test_dev_mode_with_empty_proje0/remote:
    â”œâ”€â”€ __init__.py (232)
    â””â”€â”€ component1.py (279)
12:40:41.780 W tests.server.page_fixture:page_fixture.py:72 retrying assert_evaluate_retry
12:40:41.786 D tests.server.dev_mode_test:dev_mode_test.py:56 Filesystem tree for /tmp/pytest-of-simone/pytest-134/test_dev_mode_with_empty_proje0/remote:
    â”œâ”€â”€ __init__.py (232)
    â””â”€â”€ component1.py (279)
12:40:41.986 W tests.server.page_fixture:page_fixture.py:72 retrying assert_evaluate_retry
12:40:41.992 D tests.server.dev_mode_test:dev_mode_test.py:56 Filesystem tree for /tmp/pytest-of-simone/pytest-134/test_dev_mode_with_empty_proje0/remote:
    â”œâ”€â”€ __init__.py (232)
    â””â”€â”€ component1.py (279)
12:40:42.193 W tests.server.page_fixture:page_fixture.py:72 retrying assert_evaluate_retry
12:40:42.198 D tests.server.dev_mode_test:dev_mode_test.py:56 Filesystem tree for /tmp/pytest-of-simone/pytest-134/test_dev_mode_with_empty_proje0/remote:
    â”œâ”€â”€ __init__.py (232)
    â””â”€â”€ component1.py (279)
12:40:42.399 W tests.server.page_fixture:page_fixture.py:72 retrying assert_evaluate_retry
12:40:42.405 D tests.server.dev_mode_test:dev_mode_test.py:56 Filesystem tree for /tmp/pytest-of-simone/pytest-134/test_dev_mode_with_empty_proje0/remote:
    â”œâ”€â”€ __init__.py (232)
    â””â”€â”€ component1.py (279)
12:40:42.605 W tests.server.page_fixture:page_fixture.py:72 retrying assert_evaluate_retry
12:40:42.611 D tests.server.dev_mode_test:dev_mode_test.py:56 Filesystem tree for /tmp/pytest-of-simone/pytest-134/test_dev_mode_with_empty_proje0/remote:
    â”œâ”€â”€ __init__.py (232)
    â””â”€â”€ component1.py (279)
12:40:42.812 W tests.server.page_fixture:page_fixture.py:72 retrying assert_evaluate_retry
12:40:42.817 D tests.server.dev_mode_test:dev_mode_test.py:56 Filesystem tree for /tmp/pytest-of-simone/pytest-134/test_dev_mode_with_empty_proje0/remote:
    â”œâ”€â”€ __init__.py (232)
    â””â”€â”€ component1.py (279)
12:40:43.017 W tests.server.page_fixture:page_fixture.py:72 retrying assert_evaluate_retry
12:40:43.023 D tests.server.dev_mode_test:dev_mode_test.py:56 Filesystem tree for /tmp/pytest-of-simone/pytest-134/test_dev_mode_with_empty_proje0/remote:
    â”œâ”€â”€ __init__.py (232)
    â””â”€â”€ component1.py (279)
12:40:43.223 W tests.server.page_fixture:page_fixture.py:72 retrying assert_evaluate_retry
12:40:43.229 D tests.server.dev_mode_test:dev_mode_test.py:56 Filesystem tree for /tmp/pytest-of-simone/pytest-134/test_dev_mode_with_empty_proje0/remote:
    â”œâ”€â”€ __init__.py (232)
    â””â”€â”€ component1.py (279)
12:40:43.429 W tests.server.page_fixture:page_fixture.py:72 retrying assert_evaluate_retry
12:40:43.435 D tests.server.dev_mode_test:dev_mode_test.py:56 Filesystem tree for /tmp/pytest-of-simone/pytest-134/test_dev_mode_with_empty_proje0/remote:
    â”œâ”€â”€ __init__.py (232)
    â””â”€â”€ component1.py (279)
12:40:43.636 W tests.server.page_fixture:page_fixture.py:72 retrying assert_evaluate_retry
12:40:43.641 D tests.server.dev_mode_test:dev_mode_test.py:56 Filesystem tree for /tmp/pytest-of-simone/pytest-134/test_dev_mode_with_empty_proje0/remote:
    â”œâ”€â”€ __init__.py (232)
    â””â”€â”€ component1.py (279)
12:40:43.842 W tests.server.page_fixture:page_fixture.py:72 retrying assert_evaluate_retry
12:40:43.849 D tests.server.dev_mode_test:dev_mode_test.py:56 Filesystem tree for /tmp/pytest-of-simone/pytest-134/test_dev_mode_with_empty_proje0/remote:
    â”œâ”€â”€ __init__.py (232)
    â””â”€â”€ component1.py (279)
12:40:44.049 W tests.server.page_fixture:page_fixture.py:72 retrying assert_evaluate_retry
12:40:44.055 D tests.server.dev_mode_test:dev_mode_test.py:56 Filesystem tree for /tmp/pytest-of-simone/pytest-134/test_dev_mode_with_empty_proje0/remote:
    â”œâ”€â”€ __init__.py (232)
    â””â”€â”€ component1.py (279)
12:40:44.256 E tests.server.dev_mode_test:dev_mode_test.py:72 Assertion failed: component-1 not attached. Error: html=[[[Importing the "remote" package...<wwwpy-dev-mode-component></wwwpy-dev-mode-component>]]]
assert False
12:40:44.259 D tests.server.dev_mode_test:dev_mode_test.py:74 Body HTML content:
`Importing the "remote" package...<wwwpy-dev-mode-component></wwwpy-dev-mode-component>`
12:40:44.265 D tests.server.dev_mode_test:dev_mode_test.py:56 Filesystem tree for /tmp/pytest-of-simone/pytest-134/test_dev_mode_with_empty_proje0/remote:
    â”œâ”€â”€ __init__.py (232)
    â””â”€â”€ component1.py (279)
=========================== short test summary info ============================
FAILED dev_mode_test.py::test_dev_mode_with_empty_project__should_show_quickstart_dialog[chromium-WsTornado]
============================== 1 failed in 9.91s ===============================
